<?xml version="1.0" encoding="UTF-8"?>
<testng-results ignored="0" total="1" passed="0" failed="0" skipped="1">
  <reporter-output>
  </reporter-output>
  <suite started-at="2023-05-02T14:25:49Z" name="Default suite" finished-at="2023-05-02T14:25:57Z" duration-ms="7896">
    <groups>
    </groups>
    <test started-at="2023-05-02T14:25:49Z" name="Default test" finished-at="2023-05-02T14:25:57Z" duration-ms="7896">
      <class name="CriticalFlowRun.Criticalflow">
        <test-method is-config="true" signature="Login()[pri:0, instance:CriticalFlowRun.Criticalflow@73eb439a]" started-at="2023-05-02T14:25:48Z" name="Login" finished-at="2023-05-02T14:25:49Z" duration-ms="709" status="PASS">
          <reporter-output>
          </reporter-output>
        </test-method> <!-- Login -->
        <test-method is-config="true" signature="Max()[pri:0, instance:CriticalFlowRun.Criticalflow@73eb439a]" started-at="2023-05-02T14:25:49Z" name="Max" finished-at="2023-05-02T14:25:53Z" duration-ms="3903" status="PASS">
          <reporter-output>
          </reporter-output>
        </test-method> <!-- Max -->
        <test-method is-config="true" signature="url()[pri:0, instance:CriticalFlowRun.Criticalflow@73eb439a]" started-at="2023-05-02T14:25:53Z" name="url" finished-at="2023-05-02T14:25:56Z" duration-ms="3103" status="PASS">
          <reporter-output>
          </reporter-output>
        </test-method> <!-- url -->
        <test-method signature="Customercreation100(java.lang.String, java.lang.String, java.lang.String, java.lang.String, java.lang.String, java.lang.String, java.lang.String, java.lang.String, java.lang.String, java.lang.String, java.lang.String, java.lang.String, java.lang.String, java.lang.String, java.lang.String, java.lang.String)[pri:0, instance:CriticalFlowRun.Criticalflow@73eb439a]" started-at="2023-05-02T14:25:56Z" name="Customercreation100" data-provider="itemsdata" finished-at="2023-05-02T14:25:56Z" duration-ms="0" status="SKIP">
          <exception class="java.lang.RuntimeException">
            <message>
              <![CDATA[java.io.FileNotFoundException: C:\Users\admin\eclipse-workspace\GRCCriticalflow\Excel\Items jxl.xls (The system cannot find the path specified)]]>
            </message>
            <full-stacktrace>
              <![CDATA[java.lang.RuntimeException: java.io.FileNotFoundException: C:\Users\admin\eclipse-workspace\GRCCriticalflow\Excel\Items jxl.xls (The system cannot find the path specified)
at org.testng.internal.MethodInvocationHelper.invokeMethodNoCheckedException(MethodInvocationHelper.java:49)
at org.testng.internal.MethodInvocationHelper.invokeDataProvider(MethodInvocationHelper.java:131)
at org.testng.internal.Parameters.handleParameters(Parameters.java:706)
at org.testng.internal.ParameterHandler.handleParameters(ParameterHandler.java:49)
at org.testng.internal.ParameterHandler.createParameters(ParameterHandler.java:37)
at org.testng.internal.Invoker.invokeTestMethods(Invoker.java:924)
at org.testng.internal.TestMethodWorker.invokeTestMethods(TestMethodWorker.java:125)
at org.testng.internal.TestMethodWorker.run(TestMethodWorker.java:109)
at org.testng.TestRunner.privateRun(TestRunner.java:648)
at org.testng.TestRunner.run(TestRunner.java:505)
at org.testng.SuiteRunner.runTest(SuiteRunner.java:455)
at org.testng.SuiteRunner.runSequentially(SuiteRunner.java:450)
at org.testng.SuiteRunner.privateRun(SuiteRunner.java:415)
at org.testng.SuiteRunner.run(SuiteRunner.java:364)
at org.testng.SuiteRunnerWorker.runSuite(SuiteRunnerWorker.java:52)
at org.testng.SuiteRunnerWorker.run(SuiteRunnerWorker.java:84)
at org.testng.TestNG.runSuitesSequentially(TestNG.java:1208)
at org.testng.TestNG.runSuitesLocally(TestNG.java:1137)
at org.testng.TestNG.runSuites(TestNG.java:1049)
at org.testng.TestNG.run(TestNG.java:1017)
at org.testng.remote.AbstractRemoteTestNG.run(AbstractRemoteTestNG.java:115)
at org.testng.remote.RemoteTestNG.initAndRun(RemoteTestNG.java:251)
at org.testng.remote.RemoteTestNG.main(RemoteTestNG.java:77)
Caused by: java.io.FileNotFoundException: C:\Users\admin\eclipse-workspace\GRCCriticalflow\Excel\Items jxl.xls (The system cannot find the path specified)
at java.base/java.io.FileInputStream.open0(Native Method)
at java.base/java.io.FileInputStream.open(FileInputStream.java:216)
at java.base/java.io.FileInputStream.<init>(FileInputStream.java:157)
at java.base/java.io.FileInputStream.<init>(FileInputStream.java:111)
at CriticalFlowRun.Criticalflow.getExcelData(Criticalflow.java:52)
at CriticalFlowRun.Criticalflow.loginDataProvider(Criticalflow.java:47)
at java.base/jdk.internal.reflect.NativeMethodAccessorImpl.invoke0(Native Method)
at java.base/jdk.internal.reflect.NativeMethodAccessorImpl.invoke(NativeMethodAccessorImpl.java:77)
at java.base/jdk.internal.reflect.DelegatingMethodAccessorImpl.invoke(DelegatingMethodAccessorImpl.java:43)
at java.base/java.lang.reflect.Method.invoke(Method.java:568)
at org.testng.internal.MethodInvocationHelper.invokeMethod(MethodInvocationHelper.java:124)
at org.testng.internal.MethodInvocationHelper.invokeMethod(MethodInvocationHelper.java:74)
at org.testng.internal.MethodInvocationHelper.invokeMethodNoCheckedException(MethodInvocationHelper.java:45)
... 22 more
]]>
            </full-stacktrace>
          </exception> <!-- java.lang.RuntimeException -->
          <reporter-output>
          </reporter-output>
        </test-method> <!-- Customercreation100 -->
        <test-method is-config="true" signature="close()[pri:0, instance:CriticalFlowRun.Criticalflow@73eb439a]" started-at="2023-05-02T14:25:56Z" name="close" finished-at="2023-05-02T14:25:56Z" duration-ms="1" status="PASS">
          <reporter-output>
          </reporter-output>
        </test-method> <!-- close -->
        <test-method is-config="true" signature="Report()[pri:0, instance:CriticalFlowRun.Criticalflow@73eb439a]" started-at="2023-05-02T14:25:56Z" name="Report" finished-at="2023-05-02T14:25:57Z" duration-ms="847" status="PASS">
          <reporter-output>
          </reporter-output>
        </test-method> <!-- Report -->
        <test-method is-config="true" signature="cleanup()[pri:0, instance:CriticalFlowRun.Criticalflow@73eb439a]" started-at="2023-05-02T14:25:57Z" name="cleanup" finished-at="2023-05-02T14:25:57Z" duration-ms="0" status="PASS">
          <reporter-output>
          </reporter-output>
        </test-method> <!-- cleanup -->
      </class> <!-- CriticalFlowRun.Criticalflow -->
    </test> <!-- Default test -->
  </suite> <!-- Default suite -->
</testng-results>
