<?xml version="1.0" encoding="UTF-8"?>
<!-- Generated by org.testng.reporters.JUnitXMLReporter -->
<testsuite ignored="0" hostname="DESKTOP-RG609L7" failures="0" tests="1" name="Default test" time="4.773" errors="0" timestamp="2023-08-22T21:08:45 IST">
  <testcase classname="CriticalFlowRun.Criticalflow" name="@BeforeTest Max" time="4.485">
    <failure type="org.openqa.selenium.SessionNotCreatedException" message="session not created: This version of ChromeDriver only supports Chrome version 114
Current browser version is 116.0.5845.97 with binary path C:\Program Files\Google\Chrome\Application\chrome.exe
Build info: version: &amp;apos;3.141.59&amp;apos;, revision: &amp;apos;e82be7d358&amp;apos;, time: &amp;apos;2018-11-14T08:17:03&amp;apos;
System info: host: &amp;apos;DESKTOP-RG609L7&amp;apos;, ip: &amp;apos;192.168.2.104&amp;apos;, os.name: &amp;apos;Windows 10&amp;apos;, os.arch: &amp;apos;amd64&amp;apos;, os.version: &amp;apos;10.0&amp;apos;, java.version: &amp;apos;17.0.7&amp;apos;
Driver info: driver.version: ChromeDriver
remote stacktrace: Backtrace:
	GetHandleVerifier [0x0087A813+48355]
	(No symbol) [0x0080C4B1]
	(No symbol) [0x00715358]
	(No symbol) [0x007361AC]
	(No symbol) [0x00731EF3]
	(No symbol) [0x00730579]
	(No symbol) [0x00760C55]
	(No symbol) [0x0076093C]
	(No symbol) [0x0075A536]
	(No symbol) [0x007382DC]
	(No symbol) [0x007393DD]
	GetHandleVerifier [0x00ADAABD+2539405]
	GetHandleVerifier [0x00B1A78F+2800735]
	GetHandleVerifier [0x00B1456C+2775612]
	GetHandleVerifier [0x009051E0+616112]
	(No symbol) [0x00815F8C]
	(No symbol) [0x00812328]
	(No symbol) [0x0081240B]
	(No symbol) [0x00804FF7]
	BaseThreadInitThunk [0x773D00C9+25]
	RtlGetAppContainerNamedObjectPath [0x77B17B1E+286]
	RtlGetAppContainerNamedObjectPath [0x77B17AEE+238]
">
      <![CDATA[org.openqa.selenium.SessionNotCreatedException: session not created: This version of ChromeDriver only supports Chrome version 114
Current browser version is 116.0.5845.97 with binary path C:\Program Files\Google\Chrome\Application\chrome.exe
Build info: version: '3.141.59', revision: 'e82be7d358', time: '2018-11-14T08:17:03'
System info: host: 'DESKTOP-RG609L7', ip: '192.168.2.104', os.name: 'Windows 10', os.arch: 'amd64', os.version: '10.0', java.version: '17.0.7'
Driver info: driver.version: ChromeDriver
remote stacktrace: Backtrace:
GetHandleVerifier [0x0087A813+48355]
(No symbol) [0x0080C4B1]
(No symbol) [0x00715358]
(No symbol) [0x007361AC]
(No symbol) [0x00731EF3]
(No symbol) [0x00730579]
(No symbol) [0x00760C55]
(No symbol) [0x0076093C]
(No symbol) [0x0075A536]
(No symbol) [0x007382DC]
(No symbol) [0x007393DD]
GetHandleVerifier [0x00ADAABD+2539405]
GetHandleVerifier [0x00B1A78F+2800735]
GetHandleVerifier [0x00B1456C+2775612]
GetHandleVerifier [0x009051E0+616112]
(No symbol) [0x00815F8C]
(No symbol) [0x00812328]
(No symbol) [0x0081240B]
(No symbol) [0x00804FF7]
BaseThreadInitThunk [0x773D00C9+25]
RtlGetAppContainerNamedObjectPath [0x77B17B1E+286]
RtlGetAppContainerNamedObjectPath [0x77B17AEE+238]

at java.base/jdk.internal.reflect.NativeConstructorAccessorImpl.newInstance0(Native Method)
at java.base/jdk.internal.reflect.NativeConstructorAccessorImpl.newInstance(NativeConstructorAccessorImpl.java:77)
at java.base/jdk.internal.reflect.DelegatingConstructorAccessorImpl.newInstance(DelegatingConstructorAccessorImpl.java:45)
at java.base/java.lang.reflect.Constructor.newInstanceWithCaller(Constructor.java:499)
at java.base/java.lang.reflect.Constructor.newInstance(Constructor.java:480)
at org.openqa.selenium.remote.W3CHandshakeResponse.lambda$errorHandler$0(W3CHandshakeResponse.java:62)
at org.openqa.selenium.remote.HandshakeResponse.lambda$getResponseFunction$0(HandshakeResponse.java:30)
at org.openqa.selenium.remote.ProtocolHandshake.lambda$createSession$0(ProtocolHandshake.java:126)
at java.base/java.util.stream.ReferencePipeline$3$1.accept(ReferencePipeline.java:197)
at java.base/java.util.Spliterators$ArraySpliterator.tryAdvance(Spliterators.java:1002)
at java.base/java.util.stream.ReferencePipeline.forEachWithCancel(ReferencePipeline.java:129)
at java.base/java.util.stream.AbstractPipeline.copyIntoWithCancel(AbstractPipeline.java:527)
at java.base/java.util.stream.AbstractPipeline.copyInto(AbstractPipeline.java:513)
at java.base/java.util.stream.AbstractPipeline.wrapAndCopyInto(AbstractPipeline.java:499)
at java.base/java.util.stream.FindOps$FindOp.evaluateSequential(FindOps.java:150)
at java.base/java.util.stream.AbstractPipeline.evaluate(AbstractPipeline.java:234)
at java.base/java.util.stream.ReferencePipeline.findFirst(ReferencePipeline.java:647)
at org.openqa.selenium.remote.ProtocolHandshake.createSession(ProtocolHandshake.java:128)
at org.openqa.selenium.remote.ProtocolHandshake.createSession(ProtocolHandshake.java:74)
at org.openqa.selenium.remote.HttpCommandExecutor.execute(HttpCommandExecutor.java:136)
at org.openqa.selenium.remote.service.DriverCommandExecutor.execute(DriverCommandExecutor.java:83)
at org.openqa.selenium.remote.RemoteWebDriver.execute(RemoteWebDriver.java:552)
at org.openqa.selenium.remote.RemoteWebDriver.startSession(RemoteWebDriver.java:213)
at org.openqa.selenium.remote.RemoteWebDriver.<init>(RemoteWebDriver.java:131)
at org.openqa.selenium.chrome.ChromeDriver.<init>(ChromeDriver.java:181)
at org.openqa.selenium.chrome.ChromeDriver.<init>(ChromeDriver.java:147)
at CriticalFlowRun.Criticalflow.Max(Criticalflow.java:102)
at java.base/jdk.internal.reflect.NativeMethodAccessorImpl.invoke0(Native Method)
at java.base/jdk.internal.reflect.NativeMethodAccessorImpl.invoke(NativeMethodAccessorImpl.java:77)
at java.base/jdk.internal.reflect.DelegatingMethodAccessorImpl.invoke(DelegatingMethodAccessorImpl.java:43)
at java.base/java.lang.reflect.Method.invoke(Method.java:568)
at org.testng.internal.MethodInvocationHelper.invokeMethod(MethodInvocationHelper.java:132)
at org.testng.internal.MethodInvocationHelper.invokeMethodConsideringTimeout(MethodInvocationHelper.java:61)
at org.testng.internal.ConfigInvoker.invokeConfigurationMethod(ConfigInvoker.java:366)
at org.testng.internal.ConfigInvoker.invokeConfigurations(ConfigInvoker.java:320)
at org.testng.TestRunner.invokeTestConfigurations(TestRunner.java:617)
at org.testng.TestRunner.beforeRun(TestRunner.java:607)
at org.testng.TestRunner.run(TestRunner.java:578)
at org.testng.SuiteRunner.runTest(SuiteRunner.java:384)
at org.testng.SuiteRunner.runSequentially(SuiteRunner.java:378)
at org.testng.SuiteRunner.privateRun(SuiteRunner.java:337)
at org.testng.SuiteRunner.run(SuiteRunner.java:286)
at org.testng.SuiteRunnerWorker.runSuite(SuiteRunnerWorker.java:53)
at org.testng.SuiteRunnerWorker.run(SuiteRunnerWorker.java:96)
at org.testng.TestNG.runSuitesSequentially(TestNG.java:1218)
at org.testng.TestNG.runSuitesLocally(TestNG.java:1140)
at org.testng.TestNG.runSuites(TestNG.java:1069)
at org.testng.TestNG.run(TestNG.java:1037)
at org.testng.remote.AbstractRemoteTestNG.run(AbstractRemoteTestNG.java:115)
at org.testng.remote.RemoteTestNG.initAndRun(RemoteTestNG.java:251)
at org.testng.remote.RemoteTestNG.main(RemoteTestNG.java:77)
]]>
    </failure>
  </testcase> <!-- @BeforeTest Max -->
  <testcase classname="CriticalFlowRun.Criticalflow" name="@BeforeClass url" time="-1.692718725179E9">
    <skipped/>
  </testcase> <!-- @BeforeClass url -->
  <testcase classname="CriticalFlowRun.Criticalflow" name="@AfterClass close" time="-1.692718725403E9">
    <skipped/>
  </testcase> <!-- @AfterClass close -->
  <testcase classname="CriticalFlowRun.Criticalflow" name="@AfterTest Report" time="-1.692718725409E9">
    <skipped/>
  </testcase> <!-- @AfterTest Report -->
  <testcase classname="CriticalFlowRun.Criticalflow" name="Customercreation100" time="0.0">
    <skipped/>
  </testcase> <!-- Customercreation100 -->
</testsuite> <!-- Default test -->
